Vivado Simulator 2020.2
Time resolution is 1 ps
a:13 + b:13
failed!
a: 3 + b: 6
failed!
a:10 + b: 9
failed!
a: 5 + b: 8
failed!
a: 7 + b: 9
failed!
a:14 + b: 1
failed!
a: 2 + b: 3
failed!
a: 9 + b: 9
failed!
a:12 + b: 7
failed!
a:11 + b:15
failed!
a:11 + b: 4
failed!
a: 8 + b: 7
failed!
a:12 + b: 3
failed!
a: 6 + b: 7
failed!
a: 8 + b:15
failed!
a:14 + b: 4
failed!
a: 2 + b: 5
failed!
a:11 + b:10
failed!
a: 4 + b: 9
failed!
a:14 + b: 6
failed!
a:14 + b: 9
failed!
a: 1 + b: 2
failed!
a: 3 + b:15
failed!
a: 9 + b: 1
failed!
a: 9 + b:10
failed!
a: 4 + b:12
failed!
a: 9 + b:13
failed!
a:13 + b: 2
failed!
a: 7 + b: 1
failed!
a:14 + b: 0
failed!
a:14 + b:12
failed!
a: 3 + b: 5
failed!
a:13 + b: 1
failed!
a: 6 + b:12
failed!
a:13 + b: 9
failed!
a: 1 + b:11
failed!
a:10 + b: 7
failed!
a: 7 + b: 8
failed!
a: 0 + b: 8
failed!
a: 3 + b:11
failed!
a: 0 + b:10
failed!
a: 3 + b: 0
failed!
a: 2 + b: 6
failed!
a:11 + b: 2
failed!
a: 0 + b:14
failed!
a: 3 + b: 2
failed!
a: 4 + b:14
failed!
a: 5 + b: 4
failed!
a:13 + b: 8
failed!
a: 7 + b: 1
failed!
a: 6 + b:12
failed!
a: 6 + b: 3
failed!
a: 4 + b:13
failed!
a: 5 + b:10
failed!
a: 9 + b:11
failed!
a:14 + b:13
failed!
a: 8 + b: 3
failed!
a: 7 + b: 1
failed!
a:14 + b: 5
failed!
a:14 + b: 6
failed!
a: 8 + b: 5
failed!
a: 7 + b: 6
failed!
a:11 + b: 5
failed!
a:12 + b: 3
failed!
a:10 + b: 3
failed!
a:10 + b: 5
failed!
a: 8 + b: 6
failed!
a: 9 + b: 3
failed!
a:10 + b: 3
failed!
a: 8 + b: 2
failed!
a: 9 + b: 1
failed!
a: 5 + b: 3
failed!
a: 4 + b:14
failed!
a: 6 + b:14
failed!
a:15 + b:11
failed!
a: 1 + b: 4
failed!
a: 9 + b: 7
failed!
a: 2 + b: 9
failed!
a: 3 + b: 3
failed!
a:13 + b:12
failed!
a:11 + b:15
failed!
a: 5 + b:14
failed!
a: 2 + b: 2
failed!
a:10 + b:13
failed!
a: 1 + b: 0
failed!
a:11 + b: 4
failed!
a: 2 + b: 6
failed!
a: 1 + b: 4
failed!
a: 6 + b:13
failed!
a: 8 + b: 8
failed!
a: 3 + b: 9
failed!
a:12 + b: 9
failed!
a: 6 + b: 4
failed!
a: 1 + b: 9
failed!
a:14 + b:14
failed!
a: 2 + b: 4
failed!
a: 2 + b: 4
failed!
a:14 + b: 0
failed!
a: 2 + b: 0
failed!
a: 5 + b: 4
failed!
