Time resolution is 1 ps
[GEN] inA:31807, outA:    x 
[DRV] inA:31807, outA:    x 
[MON] inA:31807, outA:31807 
[SCB] inA:31807, outA:31807 
 --> PASS! 31807 // 31807 
[GEN] inA:40792, outA:    x 
[DRV] inA:40792, outA:    x 
[MON] inA:40792, outA:40792 
[SCB] inA:40792, outA:40792 
 --> PASS! 40792 // 40792 
[GEN] inA:33843, outA:    x 
[DRV] inA:33843, outA:    x 
[MON] inA:33843, outA:33843 
[SCB] inA:33843, outA:33843 
 --> PASS! 33843 // 33843 
[GEN] inA:48181, outA:    x 
[DRV] inA:48181, outA:    x 
[MON] inA:48181, outA:48181 
[SCB] inA:48181, outA:48181 
 --> PASS! 48181 // 48181 
[GEN] inA:65291, outA:    x 
[DRV] inA:65291, outA:    x 
[MON] inA:65291, outA:65291 
[SCB] inA:65291, outA:65291 
 --> PASS! 65291 // 65291 
[GEN] inA: 5848, outA:    x 
[DRV] inA: 5848, outA:    x 
[MON] inA: 5848, outA: 5848 
[SCB] inA: 5848, outA: 5848 
 --> PASS!  5848 //  5848 
[GEN] inA:16429, outA:    x 
[DRV] inA:16429, outA:    x 
[MON] inA:16429, outA:16429 
[SCB] inA:16429, outA:16429 
 --> PASS! 16429 // 16429 
[GEN] inA:31562, outA:    x 
[DRV] inA:31562, outA:    x 
[MON] inA:31562, outA:31562 
[SCB] inA:31562, outA:31562 
 --> PASS! 31562 // 31562 
[GEN] inA:46640, outA:    x 
[DRV] inA:46640, outA:    x 
[MON] inA:46640, outA:46640 
[SCB] inA:46640, outA:46640 
 --> PASS! 46640 // 46640 
[GEN] inA:50273, outA:    x 
[DRV] inA:50273, outA:    x 
[MON] inA:50273, outA:50273 
[SCB] inA:50273, outA:50273 
 --> PASS! 50273 // 50273 
[GEN] inA:14207, outA:    x 
[DRV] inA:14207, outA:    x 
[MON] inA:14207, outA:14207 
[SCB] inA:14207, outA:14207 
 --> PASS! 14207 // 14207 
[GEN] inA:46395, outA:    x 
[DRV] inA:46395, outA:    x 
[MON] inA:46395, outA:46395 
[SCB] inA:46395, outA:46395 
 --> PASS! 46395 // 46395 
[GEN] inA:56121, outA:    x 
[DRV] inA:56121, outA:    x 
[MON] inA:56121, outA:56121 
[SCB] inA:56121, outA:56121 
 --> PASS! 56121 // 56121 
[GEN] inA:30637, outA:    x 
[DRV] inA:30637, outA:    x 
[MON] inA:30637, outA:30637 
[SCB] inA:30637, outA:30637 
 --> PASS! 30637 // 30637 
[GEN] inA:12421, outA:    x 
[DRV] inA:12421, outA:    x 
[MON] inA:12421, outA:12421 
[SCB] inA:12421, outA:12421 
 --> PASS! 12421 // 12421 
[GEN] inA:37226, outA:    x 
[DRV] inA:37226, outA:    x 
[MON] inA:37226, outA:37226 
[SCB] inA:37226, outA:37226 
 --> PASS! 37226 // 37226 
[GEN] inA:15374, outA:    x 
[DRV] inA:15374, outA:    x 
[MON] inA:15374, outA:15374 
[SCB] inA:15374, outA:15374 
 --> PASS! 15374 // 15374 
[GEN] inA:26629, outA:    x 
[DRV] inA:26629, outA:    x 
[MON] inA:26629, outA:26629 
[SCB] inA:26629, outA:26629 
 --> PASS! 26629 // 26629 
[GEN] inA:18085, outA:    x 
[DRV] inA:18085, outA:    x 
[MON] inA:18085, outA:18085 
[SCB] inA:18085, outA:18085 
 --> PASS! 18085 // 18085 
[GEN] inA: 5959, outA:    x 
[DRV] inA: 5959, outA:    x 
[MON] inA: 5959, outA: 5959 
[SCB] inA: 5959, outA: 5959 
 --> PASS!  5959 //  5959 
[GEN] inA:57266, outA:    x 
[DRV] inA:57266, outA:    x 
[MON] inA:57266, outA:57266 
[SCB] inA:57266, outA:57266 
 --> PASS! 57266 // 57266 
[GEN] inA:30507, outA:    x 
[DRV] inA:30507, outA:    x 
[MON] inA:30507, outA:30507 
[SCB] inA:30507, outA:30507 
 --> PASS! 30507 // 30507 
[GEN] inA:43185, outA:    x 
[DRV] inA:43185, outA:    x 
[MON] inA:43185, outA:43185 
[SCB] inA:43185, outA:43185 
 --> PASS! 43185 // 43185 
[GEN] inA: 7104, outA:    x 
[DRV] inA: 7104, outA:    x 
[MON] inA: 7104, outA: 7104 
[SCB] inA: 7104, outA: 7104 
 --> PASS!  7104 //  7104 
[GEN] inA:57136, outA:    x 
[DRV] inA:57136, outA:    x 
[MON] inA:57136, outA:57136 
[SCB] inA:57136, outA:57136 
 --> PASS! 57136 // 57136 
[GEN] inA:61271, outA:    x 
[DRV] inA:61271, outA:    x 
[MON] inA:61271, outA:61271 
[SCB] inA:61271, outA:61271 
 --> PASS! 61271 // 61271 
[GEN] inA:13063, outA:    x 
[DRV] inA:13063, outA:    x 
[MON] inA:13063, outA:13063 
[SCB] inA:13063, outA:13063 
 --> PASS! 13063 // 13063 
[GEN] inA:48866, outA:    x 
[DRV] inA:48866, outA:    x 
[MON] inA:48866, outA:48866 
[SCB] inA:48866, outA:48866 
 --> PASS! 48866 // 48866 
[GEN] inA:26242, outA:    x 
[DRV] inA:26242, outA:    x 
[MON] inA:26242, outA:26242 
[SCB] inA:26242, outA:26242 
 --> PASS! 26242 // 26242 
[GEN] inA:56249, outA:    x 
[DRV] inA:56249, outA:    x 
[MON] inA:56249, outA:56249 
[SCB] inA:56249, outA:56249 
 --> PASS! 56249 // 56249 
[GEN] inA:55970, outA:    x 
[DRV] inA:55970, outA:    x 
[MON] inA:55970, outA:55970 
[SCB] inA:55970, outA:55970 
 --> PASS! 55970 // 55970 
[GEN] inA:17842, outA:    x 
[DRV] inA:17842, outA:    x 
[MON] inA:17842, outA:17842 
[SCB] inA:17842, outA:17842 
 --> PASS! 17842 // 17842 
[GEN] inA:51984, outA:    x 
[DRV] inA:51984, outA:    x 
[MON] inA:51984, outA:51984 
[SCB] inA:51984, outA:51984 
 --> PASS! 51984 // 51984 
[GEN] inA: 3497, outA:    x 
[DRV] inA: 3497, outA:    x 
[MON] inA: 3497, outA: 3497 
[SCB] inA: 3497, outA: 3497 
 --> PASS!  3497 //  3497 
[GEN] inA: 1172, outA:    x 
[DRV] inA: 1172, outA:    x 
[MON] inA: 1172, outA: 1172 
[SCB] inA: 1172, outA: 1172 
 --> PASS!  1172 //  1172 
[GEN] inA:12690, outA:    x 
[DRV] inA:12690, outA:    x 
[MON] inA:12690, outA:12690 
[SCB] inA:12690, outA:12690 
 --> PASS! 12690 // 12690 
[GEN] inA:59746, outA:    x 
[DRV] inA:59746, outA:    x 
[MON] inA:59746, outA:59746 
[SCB] inA:59746, outA:59746 
 --> PASS! 59746 // 59746 
[GEN] inA:57142, outA:    x 
[DRV] inA:57142, outA:    x 
[MON] inA:57142, outA:57142 
[SCB] inA:57142, outA:57142 
 --> PASS! 57142 // 57142 
[GEN] inA:30532, outA:    x 
[DRV] inA:30532, outA:    x 
[MON] inA:30532, outA:30532 
[SCB] inA:30532, outA:30532 
 --> PASS! 30532 // 30532 
[GEN] inA:46194, outA:    x 
[DRV] inA:46194, outA:    x 
[MON] inA:46194, outA:46194 
[SCB] inA:46194, outA:46194 
 --> PASS! 46194 // 46194 
[GEN] inA:60639, outA:    x 
[DRV] inA:60639, outA:    x 
[MON] inA:60639, outA:60639 
[SCB] inA:60639, outA:60639 
 --> PASS! 60639 // 60639 
[GEN] inA:31704, outA:    x 
[DRV] inA:31704, outA:    x 
[MON] inA:31704, outA:31704 
[SCB] inA:31704, outA:31704 
 --> PASS! 31704 // 31704 
[GEN] inA:58884, outA:    x 
[DRV] inA:58884, outA:    x 
[MON] inA:58884, outA:58884 
[SCB] inA:58884, outA:58884 
 --> PASS! 58884 // 58884 
[GEN] inA:54850, outA:    x 
[DRV] inA:54850, outA:    x 
[MON] inA:54850, outA:54850 
[SCB] inA:54850, outA:54850 
 --> PASS! 54850 // 54850 
[GEN] inA:23310, outA:    x 
[DRV] inA:23310, outA:    x 
[MON] inA:23310, outA:23310 
[SCB] inA:23310, outA:23310 
 --> PASS! 23310 // 23310 
[GEN] inA:23880, outA:    x 
[DRV] inA:23880, outA:    x 
[MON] inA:23880, outA:23880 
[SCB] inA:23880, outA:23880 
 --> PASS! 23880 // 23880 
[GEN] inA:35508, outA:    x 
[DRV] inA:35508, outA:    x 
[MON] inA:35508, outA:35508 
[SCB] inA:35508, outA:35508 
 --> PASS! 35508 // 35508 
[GEN] inA:18413, outA:    x 
[DRV] inA:18413, outA:    x 
[MON] inA:18413, outA:18413 
[SCB] inA:18413, outA:18413 
 --> PASS! 18413 // 18413 
[GEN] inA:55584, outA:    x 
[DRV] inA:55584, outA:    x 
