
*** Running vivado
    with args -log UpCounter_10k.vds -m64 -product Vivado -mode batch -messageDb vivado.pb -notrace -source UpCounter_10k.tcl



****** Vivado v2020.2 (64-bit)
  **** SW Build 3064766 on Wed Nov 18 09:12:45 MST 2020
  **** IP Build 3064653 on Wed Nov 18 14:17:31 MST 2020
    ** Copyright 1986-2020 Xilinx, Inc. All Rights Reserved.

source UpCounter_10k.tcl -notrace
Command: synth_design -top UpCounter_10k -part xc7a35tcpg236-1
Starting synth_design
Attempting to get a license for feature 'Synthesis' and/or device 'xc7a35t'
INFO: [Common 17-349] Got license for feature 'Synthesis' and/or device 'xc7a35t'
INFO: [Device 21-403] Loading part xc7a35tcpg236-1
INFO: [Synth 8-7079] Multithreading enabled for synth_design using a maximum of 2 processes.
INFO: [Synth 8-7078] Launching helper process for spawning children vivado processes
INFO: [Synth 8-7075] Helper process launched with PID 18028
---------------------------------------------------------------------------------
Starting RTL Elaboration : Time (s): cpu = 00:00:01 ; elapsed = 00:00:03 . Memory (MB): peak = 1108.941 ; gain = 0.000
---------------------------------------------------------------------------------
INFO: [Synth 8-6157] synthesizing module 'UpCounter_10k' [C:/Users/kccistc/Desktop/VIVADO_CLASS/20240510_UpCounter/20240510_UpCounter.srcs/sources_1/new/UpCounter_10k.v:3]
INFO: [Synth 8-6157] synthesizing module 'clkDiv' [C:/Users/kccistc/Desktop/VIVADO_CLASS/20240510_UpCounter/20240510_UpCounter.srcs/sources_1/imports/new/fndController.v:169]
	Parameter MAX_COUNT bound to: 100000000 - type: integer 
INFO: [Synth 8-6155] done synthesizing module 'clkDiv' (1#1) [C:/Users/kccistc/Desktop/VIVADO_CLASS/20240510_UpCounter/20240510_UpCounter.srcs/sources_1/imports/new/fndController.v:169]
INFO: [Synth 8-6157] synthesizing module 'counter' [C:/Users/kccistc/Desktop/VIVADO_CLASS/20240510_UpCounter/20240510_UpCounter.srcs/sources_1/imports/new/fndController.v:145]
	Parameter MAX_COUNT bound to: 10000 - type: integer 
INFO: [Synth 8-6155] done synthesizing module 'counter' (2#1) [C:/Users/kccistc/Desktop/VIVADO_CLASS/20240510_UpCounter/20240510_UpCounter.srcs/sources_1/imports/new/fndController.v:145]
INFO: [Synth 8-6157] synthesizing module 'fndController' [C:/Users/kccistc/Desktop/VIVADO_CLASS/20240510_UpCounter/20240510_UpCounter.srcs/sources_1/imports/new/fndController.v:4]
INFO: [Synth 8-6157] synthesizing module 'clkDiv__parameterized0' [C:/Users/kccistc/Desktop/VIVADO_CLASS/20240510_UpCounter/20240510_UpCounter.srcs/sources_1/imports/new/fndController.v:169]
	Parameter MAX_COUNT bound to: 100000 - type: integer 
INFO: [Synth 8-6155] done synthesizing module 'clkDiv__parameterized0' (2#1) [C:/Users/kccistc/Desktop/VIVADO_CLASS/20240510_UpCounter/20240510_UpCounter.srcs/sources_1/imports/new/fndController.v:169]
INFO: [Synth 8-6157] synthesizing module 'counter__parameterized0' [C:/Users/kccistc/Desktop/VIVADO_CLASS/20240510_UpCounter/20240510_UpCounter.srcs/sources_1/imports/new/fndController.v:145]
	Parameter MAX_COUNT bound to: 4 - type: integer 
INFO: [Synth 8-6155] done synthesizing module 'counter__parameterized0' (2#1) [C:/Users/kccistc/Desktop/VIVADO_CLASS/20240510_UpCounter/20240510_UpCounter.srcs/sources_1/imports/new/fndController.v:145]
INFO: [Synth 8-6157] synthesizing module 'Decoder' [C:/Users/kccistc/Desktop/VIVADO_CLASS/20240510_UpCounter/20240510_UpCounter.srcs/sources_1/imports/new/fndController.v:126]
INFO: [Synth 8-226] default block is never used [C:/Users/kccistc/Desktop/VIVADO_CLASS/20240510_UpCounter/20240510_UpCounter.srcs/sources_1/imports/new/fndController.v:133]
INFO: [Synth 8-6155] done synthesizing module 'Decoder' (3#1) [C:/Users/kccistc/Desktop/VIVADO_CLASS/20240510_UpCounter/20240510_UpCounter.srcs/sources_1/imports/new/fndController.v:126]
INFO: [Synth 8-6157] synthesizing module 'digitSplitter' [C:/Users/kccistc/Desktop/VIVADO_CLASS/20240510_UpCounter/20240510_UpCounter.srcs/sources_1/imports/new/fndController.v:63]
INFO: [Synth 8-6155] done synthesizing module 'digitSplitter' (4#1) [C:/Users/kccistc/Desktop/VIVADO_CLASS/20240510_UpCounter/20240510_UpCounter.srcs/sources_1/imports/new/fndController.v:63]
INFO: [Synth 8-6157] synthesizing module 'mux' [C:/Users/kccistc/Desktop/VIVADO_CLASS/20240510_UpCounter/20240510_UpCounter.srcs/sources_1/imports/new/fndController.v:78]
INFO: [Synth 8-226] default block is never used [C:/Users/kccistc/Desktop/VIVADO_CLASS/20240510_UpCounter/20240510_UpCounter.srcs/sources_1/imports/new/fndController.v:88]
INFO: [Synth 8-6155] done synthesizing module 'mux' (5#1) [C:/Users/kccistc/Desktop/VIVADO_CLASS/20240510_UpCounter/20240510_UpCounter.srcs/sources_1/imports/new/fndController.v:78]
INFO: [Synth 8-6157] synthesizing module 'BCDtoSEG' [C:/Users/kccistc/Desktop/VIVADO_CLASS/20240510_UpCounter/20240510_UpCounter.srcs/sources_1/imports/new/fndController.v:98]
INFO: [Synth 8-226] default block is never used [C:/Users/kccistc/Desktop/VIVADO_CLASS/20240510_UpCounter/20240510_UpCounter.srcs/sources_1/imports/new/fndController.v:104]
INFO: [Synth 8-6155] done synthesizing module 'BCDtoSEG' (6#1) [C:/Users/kccistc/Desktop/VIVADO_CLASS/20240510_UpCounter/20240510_UpCounter.srcs/sources_1/imports/new/fndController.v:98]
INFO: [Synth 8-6155] done synthesizing module 'fndController' (7#1) [C:/Users/kccistc/Desktop/VIVADO_CLASS/20240510_UpCounter/20240510_UpCounter.srcs/sources_1/imports/new/fndController.v:4]
INFO: [Synth 8-6155] done synthesizing module 'UpCounter_10k' (8#1) [C:/Users/kccistc/Desktop/VIVADO_CLASS/20240510_UpCounter/20240510_UpCounter.srcs/sources_1/new/UpCounter_10k.v:3]
---------------------------------------------------------------------------------
Finished RTL Elaboration : Time (s): cpu = 00:00:01 ; elapsed = 00:00:03 . Memory (MB): peak = 1108.941 ; gain = 0.000
---------------------------------------------------------------------------------
---------------------------------------------------------------------------------
Start Handling Custom Attributes
---------------------------------------------------------------------------------
---------------------------------------------------------------------------------
Finished Handling Custom Attributes : Time (s): cpu = 00:00:01 ; elapsed = 00:00:04 . Memory (MB): peak = 1108.941 ; gain = 0.000
---------------------------------------------------------------------------------
---------------------------------------------------------------------------------
Finished RTL Optimization Phase 1 : Time (s): cpu = 00:00:01 ; elapsed = 00:00:04 . Memory (MB): peak = 1108.941 ; gain = 0.000
---------------------------------------------------------------------------------
Netlist sorting complete. Time (s): cpu = 00:00:00 ; elapsed = 00:00:00.002 . Memory (MB): peak = 1108.941 ; gain = 0.000
INFO: [Project 1-570] Preparing netlist for logic optimization

Processing XDC Constraints
Initializing timing engine
Parsing XDC File [C:/Users/kccistc/Desktop/VIVADO_CLASS/20240510_UpCounter/20240510_UpCounter.srcs/constrs_1/imports/Desktop/MY_Basys-3-Master.xdc]
Finished Parsing XDC File [C:/Users/kccistc/Desktop/VIVADO_CLASS/20240510_UpCounter/20240510_UpCounter.srcs/constrs_1/imports/Desktop/MY_Basys-3-Master.xdc]
INFO: [Project 1-236] Implementation specific constraints were found while reading constraint file [C:/Users/kccistc/Desktop/VIVADO_CLASS/20240510_UpCounter/20240510_UpCounter.srcs/constrs_1/imports/Desktop/MY_Basys-3-Master.xdc]. These constraints will be ignored for synthesis but will be used in implementation. Impacted constraints are listed in the file [.Xil/UpCounter_10k_propImpl.xdc].
Resolution: To avoid this warning, move constraints listed in [.Xil/UpCounter_10k_propImpl.xdc] to another XDC file and exclude this new file from synthesis with the used_in_synthesis property (File Properties dialog in GUI) and re-run elaboration/synthesis.
Completed Processing XDC Constraints

Netlist sorting complete. Time (s): cpu = 00:00:00 ; elapsed = 00:00:00 . Memory (MB): peak = 1151.656 ; gain = 0.000
INFO: [Project 1-111] Unisim Transformation Summary:
No Unisim elements were transformed.

Constraint Validation Runtime : Time (s): cpu = 00:00:00 ; elapsed = 00:00:00.001 . Memory (MB): peak = 1151.656 ; gain = 0.000
---------------------------------------------------------------------------------
Finished Constraint Validation : Time (s): cpu = 00:00:03 ; elapsed = 00:00:07 . Memory (MB): peak = 1151.656 ; gain = 42.715
---------------------------------------------------------------------------------
---------------------------------------------------------------------------------
Start Loading Part and Timing Information
---------------------------------------------------------------------------------
Loading part: xc7a35tcpg236-1
---------------------------------------------------------------------------------
Finished Loading Part and Timing Information : Time (s): cpu = 00:00:03 ; elapsed = 00:00:07 . Memory (MB): peak = 1151.656 ; gain = 42.715
---------------------------------------------------------------------------------
---------------------------------------------------------------------------------
Start Applying 'set_property' XDC Constraints
---------------------------------------------------------------------------------
---------------------------------------------------------------------------------
Finished applying 'set_property' XDC Constraints : Time (s): cpu = 00:00:03 ; elapsed = 00:00:07 . Memory (MB): peak = 1151.656 ; gain = 42.715
---------------------------------------------------------------------------------
---------------------------------------------------------------------------------
Finished RTL Optimization Phase 2 : Time (s): cpu = 00:00:04 ; elapsed = 00:00:08 . Memory (MB): peak = 1151.656 ; gain = 42.715
---------------------------------------------------------------------------------
---------------------------------------------------------------------------------
Start RTL Component Statistics 
---------------------------------------------------------------------------------
Detailed RTL Component Info : 
+---Adders : 
	   2 Input   27 Bit       Adders := 1     
	   2 Input   17 Bit       Adders := 1     
	   2 Input   14 Bit       Adders := 1     
	   2 Input    2 Bit       Adders := 1     
+---Registers : 
	               27 Bit    Registers := 1     
	               17 Bit    Registers := 1     
	               14 Bit    Registers := 1     
	                2 Bit    Registers := 1     
	                1 Bit    Registers := 2     
+---Muxes : 
	   2 Input   27 Bit        Muxes := 1     
	   2 Input   17 Bit        Muxes := 1     
	   2 Input   14 Bit        Muxes := 1     
	   4 Input    4 Bit        Muxes := 2     
	   2 Input    2 Bit        Muxes := 1     
---------------------------------------------------------------------------------
Finished RTL Component Statistics 
---------------------------------------------------------------------------------
---------------------------------------------------------------------------------
Start Part Resource Summary
---------------------------------------------------------------------------------
Part Resources:
DSPs: 90 (col length:60)
BRAMs: 100 (col length: RAMB18 60 RAMB36 30)
---------------------------------------------------------------------------------
Finished Part Resource Summary
---------------------------------------------------------------------------------
---------------------------------------------------------------------------------
Start Cross Boundary and Area Optimization
---------------------------------------------------------------------------------
---------------------------------------------------------------------------------
Finished Cross Boundary and Area Optimization : Time (s): cpu = 00:00:06 ; elapsed = 00:00:12 . Memory (MB): peak = 1151.656 ; gain = 42.715
---------------------------------------------------------------------------------
---------------------------------------------------------------------------------
Start Applying XDC Timing Constraints
---------------------------------------------------------------------------------
---------------------------------------------------------------------------------
Finished Applying XDC Timing Constraints : Time (s): cpu = 00:00:08 ; elapsed = 00:00:16 . Memory (MB): peak = 1160.254 ; gain = 51.313
---------------------------------------------------------------------------------
---------------------------------------------------------------------------------
Start Timing Optimization
---------------------------------------------------------------------------------
---------------------------------------------------------------------------------
Finished Timing Optimization : Time (s): cpu = 00:00:08 ; elapsed = 00:00:16 . Memory (MB): peak = 1180.527 ; gain = 71.586
---------------------------------------------------------------------------------
---------------------------------------------------------------------------------
Start Technology Mapping
---------------------------------------------------------------------------------
---------------------------------------------------------------------------------
Finished Technology Mapping : Time (s): cpu = 00:00:08 ; elapsed = 00:00:16 . Memory (MB): peak = 1194.121 ; gain = 85.180
---------------------------------------------------------------------------------
---------------------------------------------------------------------------------
Start IO Insertion
---------------------------------------------------------------------------------
---------------------------------------------------------------------------------
Start Flattening Before IO Insertion
---------------------------------------------------------------------------------
---------------------------------------------------------------------------------
Finished Flattening Before IO Insertion
---------------------------------------------------------------------------------
---------------------------------------------------------------------------------
Start Final Netlist Cleanup
---------------------------------------------------------------------------------
---------------------------------------------------------------------------------
Finished Final Netlist Cleanup
---------------------------------------------------------------------------------
---------------------------------------------------------------------------------
Finished IO Insertion : Time (s): cpu = 00:00:09 ; elapsed = 00:00:18 . Memory (MB): peak = 1209.973 ; gain = 101.031
---------------------------------------------------------------------------------
---------------------------------------------------------------------------------
Start Renaming Generated Instances
---------------------------------------------------------------------------------
---------------------------------------------------------------------------------
Finished Renaming Generated Instances : Time (s): cpu = 00:00:09 ; elapsed = 00:00:18 . Memory (MB): peak = 1209.973 ; gain = 101.031
---------------------------------------------------------------------------------
---------------------------------------------------------------------------------
Start Rebuilding User Hierarchy
---------------------------------------------------------------------------------
---------------------------------------------------------------------------------
Finished Rebuilding User Hierarchy : Time (s): cpu = 00:00:09 ; elapsed = 00:00:18 . Memory (MB): peak = 1209.973 ; gain = 101.031
---------------------------------------------------------------------------------
---------------------------------------------------------------------------------
Start Renaming Generated Ports
---------------------------------------------------------------------------------
---------------------------------------------------------------------------------
Finished Renaming Generated Ports : Time (s): cpu = 00:00:09 ; elapsed = 00:00:18 . Memory (MB): peak = 1209.973 ; gain = 101.031
---------------------------------------------------------------------------------
---------------------------------------------------------------------------------
Start Handling Custom Attributes
---------------------------------------------------------------------------------
---------------------------------------------------------------------------------
Finished Handling Custom Attributes : Time (s): cpu = 00:00:09 ; elapsed = 00:00:18 . Memory (MB): peak = 1209.973 ; gain = 101.031
---------------------------------------------------------------------------------
---------------------------------------------------------------------------------
Start Renaming Generated Nets
---------------------------------------------------------------------------------
---------------------------------------------------------------------------------
Finished Renaming Generated Nets : Time (s): cpu = 00:00:09 ; elapsed = 00:00:18 . Memory (MB): peak = 1209.973 ; gain = 101.031
---------------------------------------------------------------------------------
---------------------------------------------------------------------------------
Start Writing Synthesis Report
---------------------------------------------------------------------------------

Report BlackBoxes: 
+-+--------------+----------+
| |BlackBox name |Instances |
+-+--------------+----------+
+-+--------------+----------+

Report Cell Usage: 
+------+-------+------+
|      |Cell   |Count |
+------+-------+------+
|1     |BUFG   |     1|
|2     |CARRY4 |    37|
|3     |LUT1   |    15|
|4     |LUT2   |    91|
|5     |LUT3   |    34|
|6     |LUT4   |    40|
|7     |LUT5   |    21|
|8     |LUT6   |    83|
|9     |FDCE   |    60|
|10    |FDRE   |     2|
|11    |IBUF   |     2|
|12    |OBUF   |    12|
+------+-------+------+
---------------------------------------------------------------------------------
Finished Writing Synthesis Report : Time (s): cpu = 00:00:09 ; elapsed = 00:00:18 . Memory (MB): peak = 1209.973 ; gain = 101.031
---------------------------------------------------------------------------------
Synthesis finished with 0 errors, 0 critical warnings and 0 warnings.
Synthesis Optimization Runtime : Time (s): cpu = 00:00:07 ; elapsed = 00:00:17 . Memory (MB): peak = 1209.973 ; gain = 58.316
Synthesis Optimization Complete : Time (s): cpu = 00:00:09 ; elapsed = 00:00:18 . Memory (MB): peak = 1209.973 ; gain = 101.031
INFO: [Project 1-571] Translating synthesized netlist
Netlist sorting complete. Time (s): cpu = 00:00:00 ; elapsed = 00:00:00.007 . Memory (MB): peak = 1222.137 ; gain = 0.000
INFO: [Netlist 29-17] Analyzing 37 Unisim elements for replacement
INFO: [Netlist 29-28] Unisim Transformation completed in 0 CPU seconds
INFO: [Project 1-570] Preparing netlist for logic optimization
INFO: [Opt 31-138] Pushed 0 inverter(s) to 0 load pin(s).
Netlist sorting complete. Time (s): cpu = 00:00:00 ; elapsed = 00:00:00 . Memory (MB): peak = 1222.156 ; gain = 0.000
INFO: [Project 1-111] Unisim Transformation Summary:
No Unisim elements were transformed.

INFO: [Common 17-83] Releasing license: Synthesis
38 Infos, 0 Warnings, 0 Critical Warnings and 0 Errors encountered.
synth_design completed successfully
synth_design: Time (s): cpu = 00:00:12 ; elapsed = 00:00:22 . Memory (MB): peak = 1222.156 ; gain = 113.215
INFO: [Common 17-1381] The checkpoint 'C:/Users/kccistc/Desktop/VIVADO_CLASS/20240510_UpCounter/20240510_UpCounter.runs/synth_1/UpCounter_10k.dcp' has been generated.
INFO: [runtcl-4] Executing : report_utilization -file UpCounter_10k_utilization_synth.rpt -pb UpCounter_10k_utilization_synth.pb
INFO: [Common 17-206] Exiting Vivado at Fri May 10 17:24:51 2024...
