Vivado Simulator 2020.2
Time resolution is 1 ps
               10000 : a(189) + b(221) = sum(410)
passed!
               20000 : a(115) + b(198) = sum(313)
passed!
               30000 : a( 74) + b(153) = sum(227)
passed!
               40000 : a(245) + b(  8) = sum(253)
passed!
               50000 : a(119) + b(105) = sum(224)
passed!
               60000 : a(206) + b(193) = sum(399)
passed!
               70000 : a(  2) + b(195) = sum(197)
passed!
               80000 : a(201) + b(121) = sum(322)
passed!
               90000 : a( 44) + b(151) = sum(195)
passed!
              100000 : a( 59) + b( 47) = sum(106)
passed!
              110000 : a( 91) + b(  4) = sum( 95)
passed!
              120000 : a(168) + b(135) = sum(303)
passed!
              130000 : a(156) + b(227) = sum(383)
passed!
              140000 : a(182) + b(247) = sum(429)
passed!
              150000 : a(232) + b( 95) = sum(327)
passed!
              160000 : a(126) + b(132) = sum(258)
passed!
              170000 : a( 66) + b( 53) = sum(119)
passed!
              180000 : a(123) + b( 42) = sum(165)
passed!
              190000 : a(148) + b(249) = sum(397)
passed!
              200000 : a(174) + b(214) = sum(388)
passed!
              210000 : a( 46) + b( 41) = sum( 87)
passed!
              220000 : a(  1) + b(194) = sum(195)
passed!
              230000 : a( 35) + b(175) = sum(210)
passed!
              240000 : a(153) + b( 81) = sum(234)
passed!
              250000 : a(217) + b(154) = sum(371)
passed!
              260000 : a( 20) + b(252) = sum(272)
passed!
              270000 : a( 73) + b(173) = sum(246)
passed!
              280000 : a( 77) + b( 34) = sum(111)
passed!
              290000 : a( 71) + b( 97) = sum(168)
passed!
              300000 : a( 30) + b(144) = sum(174)
passed!
              310000 : a( 14) + b(108) = sum(122)
passed!
              320000 : a(179) + b( 85) = sum(264)
passed!
              330000 : a(205) + b(209) = sum(414)
passed!
              340000 : a(230) + b(220) = sum(450)
passed!
              350000 : a( 61) + b(153) = sum(214)
passed!
              360000 : a( 49) + b( 11) = sum( 60)
passed!
              370000 : a(106) + b( 23) = sum(129)
passed!
              380000 : a(231) + b(168) = sum(399)
passed!
              390000 : a(176) + b( 24) = sum(200)
passed!
              400000 : a(179) + b( 27) = sum(206)
passed!
              410000 : a( 48) + b(154) = sum(202)
passed!
              420000 : a(195) + b(224) = sum(419)
passed!
              430000 : a(178) + b(118) = sum(296)
passed!
              440000 : a(251) + b(226) = sum(477)
passed!
              450000 : a( 16) + b(190) = sum(206)
passed!
              460000 : a(195) + b(194) = sum(389)
passed!
              470000 : a( 52) + b(190) = sum(242)
passed!
              480000 : a(165) + b( 68) = sum(233)
passed!
              490000 : a(125) + b(104) = sum(229)
passed!
              500000 : a(  7) + b(177) = sum(184)
passed!
              510000 : a( 38) + b(172) = sum(210)
passed!
              520000 : a(246) + b(163) = sum(409)
passed!
              530000 : a( 20) + b(253) = sum(273)
passed!
              540000 : a( 85) + b( 58) = sum(143)
passed!
              550000 : a(169) + b( 75) = sum(244)
passed!
              560000 : a(222) + b(189) = sum(411)
passed!
              570000 : a( 72) + b( 51) = sum(123)
passed!
              580000 : a(247) + b(241) = sum(488)
passed!
              590000 : a(126) + b(213) = sum(339)
passed!
              600000 : a(174) + b(198) = sum(372)
passed!
              610000 : a(  8) + b(165) = sum(173)
passed!
              620000 : a(183) + b(134) = sum(317)
passed!
              630000 : a(123) + b(101) = sum(224)
passed!
              640000 : a( 76) + b(131) = sum(207)
passed!
              650000 : a( 10) + b(  3) = sum( 13)
passed!
              660000 : a( 10) + b(133) = sum(143)
passed!
              670000 : a(104) + b( 86) = sum(190)
passed!
              680000 : a(  9) + b(115) = sum(124)
passed!
              690000 : a( 90) + b( 19) = sum(109)
passed!
              700000 : a(248) + b(194) = sum(442)
passed!
              710000 : a(105) + b(  1) = sum(106)
passed!
              720000 : a( 53) + b(195) = sum(248)
passed!
              730000 : a( 20) + b( 46) = sum( 66)
passed!
              740000 : a(134) + b(126) = sum(260)
passed!
              750000 : a( 47) + b(187) = sum(234)
passed!
              760000 : a( 65) + b( 68) = sum(133)
passed!
              770000 : a(233) + b(199) = sum(432)
passed!
              780000 : a(194) + b( 25) = sum(219)
passed!
              790000 : a(131) + b(  3) = sum(134)
passed!
              800000 : a( 93) + b(108) = sum(201)
passed!
              810000 : a(203) + b( 31) = sum(234)
passed!
              820000 : a(133) + b( 78) = sum(211)
passed!
              830000 : a( 34) + b(226) = sum(260)
passed!
              840000 : a(186) + b(237) = sum(423)
passed!
              850000 : a(  1) + b( 64) = sum( 65)
passed!
              860000 : a( 59) + b( 36) = sum( 95)
passed!
              870000 : a( 34) + b(246) = sum(280)
passed!
              880000 : a( 17) + b( 36) = sum( 53)
passed!
              890000 : a( 54) + b( 77) = sum(131)
passed!
              900000 : a( 72) + b( 88) = sum(160)
passed!
              910000 : a( 67) + b( 89) = sum(156)
passed!
              920000 : a(124) + b(121) = sum(245)
passed!
              930000 : a(166) + b(196) = sum(362)
passed!
              940000 : a(209) + b(233) = sum(442)
passed!
              950000 : a( 30) + b( 78) = sum(108)
passed!
              960000 : a( 98) + b(196) = sum(294)
passed!
              970000 : a( 18) + b( 52) = sum( 70)
passed!
              980000 : a(174) + b( 48) = sum(222)
passed!
              990000 : a(130) + b( 16) = sum(146)
passed!
             1000000 : a(245) + b(148) = sum(393)
passed!
